2019-11-27 09:30:30 Admin Logged
2019-11-27 09:30:58 Admin created owner acc6 acc6
2019-11-27 09:31:43 Admin created agent acc7 acc7
2019-11-27 09:32:27 Admin created category Seventh
2019-11-27 09:32:33 Admin created type NewAge
2019-11-27 09:33:01 Admin created storage 18 New Street
2019-11-27 09:33:25 Admin created contract with ID: 7
2019-11-27 09:36:57 Agent Boris Borisov Logged
2019-11-27 09:41:03 Agent Boris Borisov Logged
2019-11-27 09:42:20 Agent Boris Borisov Logged
2019-11-27 11:34:43 Agent Hitur Logged
2019-11-27 11:36:18 Agent Hitur Logged
2019-11-27 11:39:43 Agent Hitur Logged
2019-11-27 11:46:50 Agent Hitur Logged
2019-11-27 11:53:38 Agent Hitur Logged
2019-11-27 12:00:27 Agent Hitur Logged
2019-11-27 12:05:54 Agent Hitur Logged
2019-11-27 12:06:48 Agent Hitur Logged
2019-11-27 16:53:20 Agent Hitur Logged
2019-11-27 16:56:10 Agent Hitur Logged
2019-11-27 16:58:42 Agent Hitur Logged
2019-11-27 17:03:17 Agent Hitur Logged
2019-11-27 17:05:07 Agent Hitur Logged
2019-11-27 17:07:20 Agent Hitur Logged
2019-11-27 17:08:16 Agent Hitur Logged
2019-11-27 17:10:00 Agent Hitur Logged
2019-11-27 17:10:42 Agent Hitur Logged
2019-11-27 17:12:30 Agent Hitur Logged
2019-11-27 17:22:21 Agent Hitur Logged
2019-11-27 17:29:02 Agent Hitur Logged
2019-11-27 17:33:15 Agent Hitur Logged
2019-11-27 17:34:35 Agent Hitur Logged
2019-11-27 17:36:23 Agent Hitur Logged
2019-11-27 17:39:29 Agent Hitur Logged
2019-11-27 17:44:03 Agent Hitur Logged
2019-11-27 17:46:04 Agent Hitur Logged
2019-11-27 17:47:01 Agent Hitur Logged
2019-11-27 18:11:12 Owner Nikola Logged
2019-11-27 18:17:08 Owner Nikola Logged
2019-11-27 18:34:18 Owner Nikola Logged
2019-11-27 21:32:23 Owner Nikola Logged
2019-11-27 21:35:25 Owner Nikola Logged
2019-11-27 21:36:21 Owner Nikola Logged
2019-11-27 21:38:19 Owner Nikola Logged
2019-11-27 21:41:10 Owner Nikola Logged
2019-11-27 21:44:24 Owner Nikola Logged
2019-11-27 22:01:06 Owner Nikola Logged
2019-11-27 22:03:14 Owner Nikola Logged
2019-11-27 22:04:59 Owner Nikola Logged
2019-11-27 22:21:23 Owner Nikola Logged
2019-11-27 22:22:26 Owner Nikola Logged
2019-11-27 22:26:47 Owner Jigi Logged
2019-11-27 22:59:03 Owner Nikola Logged
2019-11-27 23:05:10 Owner Nikola Logged
2019-11-27 23:10:15 Owner Nikola Logged
2019-11-27 23:11:09 Owner Nikola Logged
2019-11-27 23:29:14 Owner Nikola Logged
2019-11-27 23:55:54 Owner Nikola Logged
2019-11-28 08:12:51 Owner Nikola Logged
2019-11-28 08:19:12 Owner Nikola Logged
2019-11-28 18:23:52 Owner Nikola Logged
2019-11-28 18:27:43 Owner Nikola Logged
2019-11-28 18:31:37 Owner Nikola Logged
2019-11-28 18:32:22 Agent Hitur Logged
2019-11-28 18:47:59 Admin Logged
2019-11-28 18:50:36 Owner Nikola Logged
2019-11-28 18:51:05 Admin Logged
2019-11-28 18:52:04 Admin created owner acc8 acc8
2019-11-28 19:19:06 Admin Logged
2019-11-28 19:20:23 Admin created agent acc9 acc9
2019-11-28 19:37:56 Owner Nikola Logged
2019-11-28 19:39:29 Owner Nikola Logged
2019-11-28 19:41:20 Owner Nikola Logged
2019-11-28 20:09:49 Owner Nikola Logged
2019-11-28 20:22:37 Owner Nikola Logged
2019-11-28 20:30:08 Owner Nikolai Nikolave Logged
2019-11-28 20:31:30 Agent Hitur Logged
2019-11-28 20:33:36 Owner Nikolai Ivanov Logged
2019-11-29 10:10:51 Owner Nikolai Ivanov Logged
2019-11-29 10:56:15 Owner Nikolai Ivanov Logged
2019-11-29 11:01:15 Owner Nikolai Ivanov Logged
2019-11-29 11:05:30 Owner Nikolai Ivanov Logged
2019-11-29 11:06:50 Owner Nikolai Ivanov Logged
2019-11-29 11:11:24 Owner Nikolai Ivanov Logged
2019-11-29 12:25:08 Owner Nikolai Ivanov Logged
2019-11-29 14:00:29 Owner Nikolai Ivanov Logged
2019-11-29 15:24:50 Owner Nikolai Ivanov Logged
2019-11-29 15:26:09 Owner Nikolai Ivanov Logged
2019-11-29 15:35:33 Owner Nikolai Ivanov Logged
2019-11-29 15:36:50 Owner Nikolai Ivanov Logged
2019-11-29 15:40:22 Owner Nikolai Ivanov Logged
2019-11-29 15:43:32 Owner Nikolai Ivanov Logged
2019-11-29 15:49:09 Owner Nikolai Ivanov Logged
2019-11-29 17:24:11 Owner Nikolai Ivanov Logged
2019-11-29 17:24:52 Owner Nikolai Ivanov Logged
2019-11-29 17:25:35 Owner Nikolai Ivanov Logged
2019-11-29 17:26:21 Owner Nikolai Ivanov Logged
2019-11-29 17:26:55 Owner Nikolai Ivanov Logged
2019-11-29 17:27:29 Owner Nikolai Ivanov Logged
2019-11-29 17:28:07 Owner Nikolai Ivanov Logged
2019-11-29 17:28:35 Owner Nikolai Ivanov Logged
2019-11-29 17:29:46 Owner Nikolai Ivanov Logged
2019-11-29 17:32:44 Owner Jigi Logged
2019-11-29 17:33:08 Agent Jeinov Logged
2019-11-29 17:36:00 Owner Jigi Logged
2019-11-29 17:38:56 Owner Jigi Logged
2019-11-29 17:39:37 Owner Jigi Logged
2019-11-29 17:41:19 Owner Jigi Logged
2019-11-29 17:42:08 Owner Jigi Logged
2019-11-29 17:42:57 Owner Jigi Logged
2019-11-29 17:46:09 Owner Jigi Logged
2019-11-29 17:49:30 Owner Jigi Logged
2019-11-29 17:50:53 Owner Jigi Logged
2019-11-29 18:02:27 Owner Jigi Logged
2019-11-29 18:04:00 Owner Jigi Logged
2019-11-29 18:05:10 Owner Jigi Logged
2019-11-29 18:05:54 Owner Nikolai Ivanov Logged
2019-11-29 18:10:37 Owner Nikolai Ivanov Logged
2019-11-29 18:12:21 Owner Nikolai Ivanov Logged
2019-11-29 18:13:14 Owner Nikolai Ivanov Logged
2019-11-29 18:23:07 Agent Hitur Petur Logged
2019-11-29 18:40:52 Agent Hitur Petur Logged
2019-11-29 20:40:13 Agent Jeinov Logged
2019-11-29 20:45:42 Agent Jeinov Logged
2019-11-29 20:47:14 Agent Jeinov Logged
2019-11-29 20:48:39 Agent Jeinov Logged
2019-11-29 20:53:05 Agent Jeinov Logged
2019-11-29 20:56:01 Agent Jeinov Logged
2019-11-29 21:16:10 Admin Logged
2019-11-29 21:19:34 Admin Logged
2019-11-29 21:21:20 Agent Jeinov Logged
2019-11-29 21:23:12 Agent Jeinov Logged
2019-11-29 21:24:16 Agent Jeinov Logged
2019-11-29 21:24:42 Agent Jeinov Logged
2019-11-29 21:26:51 Admin Logged
2019-11-29 21:28:58 Admin created contract with ID: 14
2019-11-29 21:37:06 Admin Logged
2019-11-29 21:37:32 Admin created contract with ID: 15
2019-11-29 21:39:00 Admin Logged
2019-11-29 21:39:24 Admin created contract with ID: 16
2019-11-29 21:40:31 Admin Logged
2019-11-29 21:41:37 Admin Logged
2019-11-29 22:02:02 Admin Logged
2019-11-29 22:02:44 Admin Logged
2019-11-29 22:03:23 Admin Logged
2019-11-29 22:03:51 Admin created contract with ID: 17
2019-11-29 22:04:39 Admin created storage 19 Cool Street
2019-11-29 22:04:59 Owner Nikolai Ivanov Logged
2019-12-05 08:20:40 Owner Nikolai Ivanov Logged
2019-12-05 08:58:59 Owner Nikolai Ivanov Logged
2019-12-05 08:59:34 Owner Nikolai Ivanov Logged
2019-12-05 09:01:16 Agent Hitur Petur Logged
2019-12-05 14:55:22 Agent Hitur Petur Logged
2019-12-05 14:59:30 Owner Nikolai Ivanov Logged
2019-12-05 15:03:12 Agent Hitur Petur Logged
2019-12-05 15:04:42 Agent Hitur Petur Logged
2019-12-05 15:25:23 Owner Nikolai Ivanov Logged
2019-12-05 15:29:12 Admin Logged
2019-12-05 15:29:40 Admin created owner acc10 acc10
2019-12-05 15:29:57 Admin created agent acc11 acc11
2019-12-05 15:36:54 Admin Logged
2019-12-05 15:38:13 Admin created owner acc12 acc12
2019-12-05 15:39:21 Admin created agent acc13 acc13
2019-12-05 15:39:30 Admin created category category
2019-12-05 15:39:35 Admin created type type
2019-12-05 15:40:24 Admin created storage 20 ul. Bojikova
2019-12-05 15:41:44 Admin created contract with ID: 19
2019-12-05 15:43:51 Owner Nikolai Ivanov Logged
2019-12-05 16:08:26 Agent Hitur Petur Logged
2019-12-05 16:12:54 Agent Hitur Petur Logged
2019-12-05 16:17:54 Agent Hitur Petur Logged
2019-12-05 17:38:38 Agent Hitur Petur Logged
2019-12-05 17:40:02 Agent Hitur Petur Logged
2019-12-05 17:43:14 Agent Hitur Petur Logged
2019-12-05 17:45:34 Agent Hitur Petur Logged
2019-12-05 17:47:01 Agent Hitur Petur Logged
2019-12-05 17:47:56 Agent Hitur Petur Logged
2019-12-05 17:49:42 Agent Hitur Petur Logged
2019-12-05 17:54:05 Agent Hitur Petur Logged
2019-12-05 18:00:36 Agent Jeinov Logged
2019-12-05 18:13:29 Agent Liliqn Logged
2019-12-05 18:18:54 Agent Hitur Petur Logged
2019-12-05 18:32:34 Owner Jigi Logged
2019-12-05 18:32:56 Owner Ganyo Ganev Logged
2019-12-05 18:33:44 Agent Jeinov Logged
2019-12-05 18:42:07 Agent Hitur Petur Logged
2019-12-05 18:47:22 Owner Nikolai Ivanov Logged
2019-12-05 18:49:19 Owner Nikolai Ivanov Logged
2019-12-05 18:50:00 Owner Nikolai Ivanov Logged
2019-12-05 20:06:21 Owner Nikolai Ivanov Logged
2019-12-05 20:09:09 Agent Hitur Petur Logged
2019-12-05 20:15:16 Owner Petur Hitur Logged
2019-12-05 20:16:04 Owner Nikolai Ivanov Logged
2019-12-05 20:21:42 Owner Nikolai Ivanov Logged
2019-12-05 20:28:09 Agent Hitur Petur Logged
2019-12-05 20:30:15 Owner Nikolai Ivanov Logged
2019-12-05 20:32:20 Agent Jeinov Logged
2019-12-06 10:45:39 Admin Logged
2019-12-06 10:47:35 Owner Nikolai Ivanov Logged
2019-12-06 13:48:47 Agent Hitur Petur Logged
2019-12-06 13:50:00 Agent Hitur Petur Logged
2019-12-06 15:16:36 Owner Nikolai Ivanov Logged
